<?xml version="1.0" encoding="UTF-8"?>
<testsuite name="com.ino.myblog.MyblogApplicationTests" tests="1" skipped="0" failures="0" errors="0" timestamp="2023-11-22T18:25:18" hostname="DESKTOP-V30JRRK" time="0.456">
  <properties/>
  <testcase name="contextLoads()" classname="com.ino.myblog.MyblogApplicationTests" time="0.456"/>
  <system-out><![CDATA[03:25:03.929 [Test worker] DEBUG org.springframework.test.context.BootstrapUtils - Instantiating CacheAwareContextLoaderDelegate from class [org.springframework.test.context.cache.DefaultCacheAwareContextLoaderDelegate]
03:25:03.952 [Test worker] DEBUG org.springframework.test.context.BootstrapUtils - Instantiating BootstrapContext using constructor [public org.springframework.test.context.support.DefaultBootstrapContext(java.lang.Class,org.springframework.test.context.CacheAwareContextLoaderDelegate)]
03:25:04.019 [Test worker] DEBUG org.springframework.test.context.BootstrapUtils - Instantiating TestContextBootstrapper for test class [com.ino.myblog.MyblogApplicationTests] from class [org.springframework.boot.test.context.SpringBootTestContextBootstrapper]
03:25:04.041 [Test worker] INFO org.springframework.boot.test.context.SpringBootTestContextBootstrapper - Neither @ContextConfiguration nor @ContextHierarchy found for test class [com.ino.myblog.MyblogApplicationTests], using SpringBootContextLoader
03:25:04.049 [Test worker] DEBUG org.springframework.test.context.support.AbstractContextLoader - Did not detect default resource location for test class [com.ino.myblog.MyblogApplicationTests]: class path resource [com/ino/myblog/MyblogApplicationTests-context.xml] does not exist
03:25:04.050 [Test worker] DEBUG org.springframework.test.context.support.AbstractContextLoader - Did not detect default resource location for test class [com.ino.myblog.MyblogApplicationTests]: class path resource [com/ino/myblog/MyblogApplicationTestsContext.groovy] does not exist
03:25:04.051 [Test worker] INFO org.springframework.test.context.support.AbstractContextLoader - Could not detect default resource locations for test class [com.ino.myblog.MyblogApplicationTests]: no resource found for suffixes {-context.xml, Context.groovy}.
03:25:04.052 [Test worker] INFO org.springframework.test.context.support.AnnotationConfigContextLoaderUtils - Could not detect default configuration classes for test class [com.ino.myblog.MyblogApplicationTests]: MyblogApplicationTests does not declare any static, non-private, non-final, nested classes annotated with @Configuration.
03:25:04.166 [Test worker] DEBUG org.springframework.test.context.support.ActiveProfilesUtils - Could not find an 'annotation declaring class' for annotation type [org.springframework.test.context.ActiveProfiles] and class [com.ino.myblog.MyblogApplicationTests]
03:25:04.291 [Test worker] DEBUG org.springframework.context.annotation.ClassPathScanningCandidateComponentProvider - Identified candidate component class: file [C:\Users\InHo_H\Downloads\myblog (3)\build\classes\java\main\com\ino\myblog\MyblogApplication.class]
03:25:04.293 [Test worker] INFO org.springframework.boot.test.context.SpringBootTestContextBootstrapper - Found @SpringBootConfiguration com.ino.myblog.MyblogApplication for test class com.ino.myblog.MyblogApplicationTests
03:25:04.549 [Test worker] DEBUG org.springframework.boot.test.context.SpringBootTestContextBootstrapper - @TestExecutionListeners is not present for class [com.ino.myblog.MyblogApplicationTests]: using defaults.
03:25:04.550 [Test worker] INFO org.springframework.boot.test.context.SpringBootTestContextBootstrapper - Loaded default TestExecutionListener class names from location [META-INF/spring.factories]: [org.springframework.security.test.context.support.WithSecurityContextTestExecutionListener, org.springframework.security.test.context.support.ReactorContextTestExecutionListener, org.springframework.boot.test.autoconfigure.restdocs.RestDocsTestExecutionListener, org.springframework.boot.test.autoconfigure.web.client.MockRestServiceServerResetTestExecutionListener, org.springframework.boot.test.autoconfigure.web.servlet.MockMvcPrintOnlyOnFailureTestExecutionListener, org.springframework.boot.test.autoconfigure.web.servlet.WebDriverTestExecutionListener, org.springframework.boot.test.autoconfigure.webservices.client.MockWebServiceServerTestExecutionListener, org.springframework.boot.test.mock.mockito.MockitoTestExecutionListener, org.springframework.boot.test.mock.mockito.ResetMocksTestExecutionListener, org.springframework.test.context.web.ServletTestExecutionListener, org.springframework.test.context.support.DirtiesContextBeforeModesTestExecutionListener, org.springframework.test.context.event.ApplicationEventsTestExecutionListener, org.springframework.test.context.support.DependencyInjectionTestExecutionListener, org.springframework.test.context.support.DirtiesContextTestExecutionListener, org.springframework.test.context.transaction.TransactionalTestExecutionListener, org.springframework.test.context.jdbc.SqlScriptsTestExecutionListener, org.springframework.test.context.event.EventPublishingTestExecutionListener]
03:25:04.603 [Test worker] INFO org.springframework.boot.test.context.SpringBootTestContextBootstrapper - Using TestExecutionListeners: [org.springframework.test.context.web.ServletTestExecutionListener@1cfd1875, org.springframework.test.context.support.DirtiesContextBeforeModesTestExecutionListener@28c0b664, org.springframework.test.context.event.ApplicationEventsTestExecutionListener@2c444798, org.springframework.boot.test.mock.mockito.MockitoTestExecutionListener@1af7f54a, org.springframework.boot.test.autoconfigure.SpringBootDependencyInjectionTestExecutionListener@6ebd78d1, org.springframework.test.context.support.DirtiesContextTestExecutionListener@436390f4, org.springframework.test.context.transaction.TransactionalTestExecutionListener@4d157787, org.springframework.test.context.jdbc.SqlScriptsTestExecutionListener@68ed96ca, org.springframework.security.test.context.support.WithSecurityContextTestExecutionListener@6d1310f6, org.springframework.test.context.event.EventPublishingTestExecutionListener@3228d990, org.springframework.security.test.context.support.ReactorContextTestExecutionListener@54e7391d, org.springframework.boot.test.autoconfigure.restdocs.RestDocsTestExecutionListener@50b8ae8d, org.springframework.boot.test.autoconfigure.web.client.MockRestServiceServerResetTestExecutionListener@255990cc, org.springframework.boot.test.autoconfigure.web.servlet.MockMvcPrintOnlyOnFailureTestExecutionListener@51c929ae, org.springframework.boot.test.autoconfigure.web.servlet.WebDriverTestExecutionListener@3c8bdd5b, org.springframework.boot.test.autoconfigure.webservices.client.MockWebServiceServerTestExecutionListener@29d2d081, org.springframework.boot.test.mock.mockito.ResetMocksTestExecutionListener@40e4ea87]
03:25:04.611 [Test worker] DEBUG org.springframework.test.context.support.AbstractDirtiesContextTestExecutionListener - Before test class: context [DefaultTestContext@1dfd5f51 testClass = MyblogApplicationTests, testInstance = [null], testMethod = [null], testException = [null], mergedContextConfiguration = [WebMergedContextConfiguration@3c321bdb testClass = MyblogApplicationTests, locations = '{}', classes = '{class com.ino.myblog.MyblogApplication}', contextInitializerClasses = '[]', activeProfiles = '{}', propertySourceLocations = '{}', propertySourceProperties = '{org.springframework.boot.test.context.SpringBootTestContextBootstrapper=true}', contextCustomizers = set[org.springframework.boot.test.autoconfigure.actuate.metrics.MetricsExportContextCustomizerFactory$DisableMetricExportContextCustomizer@4a891c97, org.springframework.boot.test.autoconfigure.properties.PropertyMappingContextCustomizer@0, org.springframework.boot.test.autoconfigure.web.servlet.WebDriverContextCustomizerFactory$Customizer@25e2a451, org.springframework.boot.test.context.filter.ExcludeFilterContextCustomizer@63b1d4fa, org.springframework.boot.test.json.DuplicateJsonObjectContextCustomizerFactory$DuplicateJsonObjectContextCustomizer@45efc20d, org.springframework.boot.test.mock.mockito.MockitoContextCustomizer@0, org.springframework.boot.test.web.client.TestRestTemplateContextCustomizer@45c8d09f, org.springframework.boot.test.context.SpringBootTestArgs@1, org.springframework.boot.test.context.SpringBootTestWebEnvironment@57a3e26a], resourceBasePath = 'src/main/webapp', contextLoader = 'org.springframework.boot.test.context.SpringBootContextLoader', parent = [null]], attributes = map['org.springframework.test.context.web.ServletTestExecutionListener.activateListener' -> true]], class annotated with @DirtiesContext [false] with mode [null].

  .   ____          _            __ _ _
 /\\ / ___'_ __ _ _(_)_ __  __ _ \ \ \ \
( ( )\___ | '_ | '_| | '_ \/ _` | \ \ \ \
 \\/  ___)| |_)| | | | | || (_| |  ) ) ) )
  '  |____| .__|_| |_|_| |_\__, | / / / /
 =========|_|==============|___/=/_/_/_/
 :: Spring Boot ::               (v2.7.17)

2023-11-23 03:25:05.492  INFO 24224 --- [    Test worker] com.ino.myblog.MyblogApplicationTests    : Starting MyblogApplicationTests using Java 11.0.21 on DESKTOP-V30JRRK with PID 24224 (started by 황인호 in C:\Users\InHo_H\Downloads\myblog (3))
2023-11-23 03:25:05.494  INFO 24224 --- [    Test worker] com.ino.myblog.MyblogApplicationTests    : No active profile set, falling back to 1 default profile: "default"
2023-11-23 03:25:07.296  INFO 24224 --- [    Test worker] .s.d.r.c.RepositoryConfigurationDelegate : Bootstrapping Spring Data JPA repositories in DEFAULT mode.
2023-11-23 03:25:07.520  INFO 24224 --- [    Test worker] .s.d.r.c.RepositoryConfigurationDelegate : Finished Spring Data repository scanning in 201 ms. Found 6 JPA repository interfaces.
2023-11-23 03:25:09.163  INFO 24224 --- [    Test worker] o.hibernate.jpa.internal.util.LogHelper  : HHH000204: Processing PersistenceUnitInfo [name: default]
2023-11-23 03:25:09.323  INFO 24224 --- [    Test worker] org.hibernate.Version                    : HHH000412: Hibernate ORM core version 5.6.15.Final
2023-11-23 03:25:09.826  INFO 24224 --- [    Test worker] o.hibernate.annotations.common.Version   : HCANN000001: Hibernate Commons Annotations {5.1.2.Final}
2023-11-23 03:25:10.217  INFO 24224 --- [    Test worker] com.zaxxer.hikari.HikariDataSource       : HikariPool-1 - Starting...
2023-11-23 03:25:11.123  INFO 24224 --- [    Test worker] com.zaxxer.hikari.HikariDataSource       : HikariPool-1 - Start completed.
2023-11-23 03:25:11.232  INFO 24224 --- [    Test worker] org.hibernate.dialect.Dialect            : HHH000400: Using dialect: org.hibernate.dialect.MySQL8Dialect
2023-11-23 03:25:13.807  INFO 24224 --- [    Test worker] o.h.e.t.j.p.i.JtaPlatformInitiator       : HHH000490: Using JtaPlatform implementation: [org.hibernate.engine.transaction.jta.platform.internal.NoJtaPlatform]
2023-11-23 03:25:13.839  INFO 24224 --- [    Test worker] j.LocalContainerEntityManagerFactoryBean : Initialized JPA EntityManagerFactory for persistence unit 'default'
2023-11-23 03:25:16.174  INFO 24224 --- [    Test worker] o.s.s.web.DefaultSecurityFilterChain     : Will secure any request with [org.springframework.security.web.session.DisableEncodeUrlFilter@285ac29, org.springframework.security.web.context.request.async.WebAsyncManagerIntegrationFilter@1ced1d14, org.springframework.security.web.context.SecurityContextPersistenceFilter@ab3b54, org.springframework.security.web.header.HeaderWriterFilter@6e3acd7, org.springframework.security.web.authentication.logout.LogoutFilter@3e7da4cb, org.springframework.security.web.authentication.UsernamePasswordAuthenticationFilter@7202009e, org.springframework.security.web.savedrequest.RequestCacheAwareFilter@6e70861, org.springframework.security.web.servletapi.SecurityContextHolderAwareRequestFilter@5fcff272, org.springframework.security.web.authentication.AnonymousAuthenticationFilter@237b54bc, org.springframework.security.web.session.SessionManagementFilter@1a3272e0, org.springframework.security.web.access.ExceptionTranslationFilter@6f70015, org.springframework.security.web.access.intercept.FilterSecurityInterceptor@53570fff]
2023-11-23 03:25:17.329  INFO 24224 --- [    Test worker] o.s.b.a.w.s.WelcomePageHandlerMapping    : Adding welcome page template: index
2023-11-23 03:25:18.343  INFO 24224 --- [    Test worker] com.ino.myblog.MyblogApplicationTests    : Started MyblogApplicationTests in 13.646 seconds (JVM running for 18.232)
]]></system-out>
  <system-err><![CDATA[]]></system-err>
</testsuite>
